<?xml version="1.0" encoding="UTF-8"?>
<testng-results ignored="0" total="2" passed="2" failed="0" skipped="0">
  <reporter-output>
  </reporter-output>
  <suite started-at="2024-06-10T15:14:57 IST" name="Suite" finished-at="2024-06-10T15:15:07 IST" duration-ms="9316">
    <groups>
    </groups>
    <test started-at="2024-06-10T15:14:57 IST" name="Test" finished-at="2024-06-10T15:15:07 IST" duration-ms="9316">
      <class name="package1.One1">
        <test-method signature="testcas1()[pri:0, instance:package1.One1@67a20f67]" started-at="2024-06-10T15:15:02 IST" name="testcas1" finished-at="2024-06-10T15:15:07 IST" duration-ms="4301" status="PASS">
          <reporter-output>
          </reporter-output>
        </test-method> <!-- testcas1 -->
      </class> <!-- package1.One1 -->
      <class name="package1.Two2">
        <test-method signature="testcas2()[pri:0, instance:package1.Two2@34b7ac2f]" started-at="2024-06-10T15:14:57 IST" name="testcas2" finished-at="2024-06-10T15:15:02 IST" duration-ms="4969" status="PASS">
          <reporter-output>
          </reporter-output>
        </test-method> <!-- testcas2 -->
      </class> <!-- package1.Two2 -->
    </test> <!-- Test -->
  </suite> <!-- Suite -->
</testng-results>
